2023-05-29 14:09:23,155 DEBUG logging_decorator.py Function __main__.get_params was called from <module>
2023-05-29 14:09:23,161 DEBUG logging_decorator.py Function __main__.run was called from <module>
2023-05-29 14:09:23,161 INFO server.py  server.py start...
2023-05-29 14:09:23,161 INFO server.py  Create socket server. Server params -- addr: , port 7777
2023-05-29 14:09:24,162 DEBUG logging_decorator.py Function __main__.read_requests was called from run
2023-05-29 14:09:25,166 DEBUG logging_decorator.py Function __main__.read_requests was called from run
2023-05-29 14:09:26,181 DEBUG logging_decorator.py Function __main__.read_requests was called from run
2023-05-29 14:09:27,185 DEBUG logging_decorator.py Function __main__.read_requests was called from run
2023-05-29 14:09:28,196 DEBUG logging_decorator.py Function __main__.read_requests was called from run
2023-05-29 14:09:29,203 DEBUG logging_decorator.py Function __main__.read_requests was called from run
2023-05-29 14:09:30,211 DEBUG logging_decorator.py Function __main__.read_requests was called from run
2023-05-29 14:09:31,226 DEBUG logging_decorator.py Function __main__.read_requests was called from run
2023-05-29 14:09:32,239 DEBUG logging_decorator.py Function __main__.read_requests was called from run
2023-05-29 14:09:33,243 DEBUG logging_decorator.py Function __main__.read_requests was called from run
2023-05-29 14:09:34,260 DEBUG logging_decorator.py Function __main__.read_requests was called from run
2023-05-29 14:09:35,273 DEBUG logging_decorator.py Function __main__.read_requests was called from run
2023-05-29 14:09:36,276 DEBUG logging_decorator.py Function __main__.read_requests was called from run
2023-05-29 14:09:37,290 DEBUG logging_decorator.py Function __main__.read_requests was called from run
2023-05-29 14:09:38,293 DEBUG logging_decorator.py Function __main__.read_requests was called from run
2023-05-29 14:09:39,307 DEBUG logging_decorator.py Function __main__.read_requests was called from run
2023-05-29 14:09:40,326 DEBUG logging_decorator.py Function __main__.read_requests was called from run
2023-05-29 14:09:41,331 DEBUG logging_decorator.py Function __main__.read_requests was called from run
2023-05-29 14:09:42,335 DEBUG logging_decorator.py Function __main__.read_requests was called from run
2023-05-29 14:09:43,351 DEBUG logging_decorator.py Function __main__.read_requests was called from run
2023-05-29 14:09:44,356 DEBUG logging_decorator.py Function __main__.read_requests was called from run
2023-05-29 14:09:45,364 DEBUG logging_decorator.py Function __main__.read_requests was called from run
2023-05-29 14:09:46,377 DEBUG logging_decorator.py Function __main__.read_requests was called from run
2023-05-29 14:09:47,388 DEBUG logging_decorator.py Function __main__.read_requests was called from run
2023-05-29 14:09:48,396 DEBUG logging_decorator.py Function __main__.read_requests was called from run
2023-05-29 14:09:49,400 DEBUG logging_decorator.py Function __main__.read_requests was called from run
2023-05-29 14:09:50,415 DEBUG logging_decorator.py Function __main__.read_requests was called from run
2023-05-29 14:09:51,431 DEBUG logging_decorator.py Function __main__.read_requests was called from run
2023-05-29 14:09:52,440 DEBUG logging_decorator.py Function __main__.read_requests was called from run
2023-05-29 14:09:53,445 DEBUG logging_decorator.py Function __main__.read_requests was called from run
2023-05-29 14:09:54,459 DEBUG logging_decorator.py Function __main__.read_requests was called from run
2023-05-29 14:09:55,476 DEBUG logging_decorator.py Function __main__.read_requests was called from run
2023-05-29 14:09:56,485 DEBUG logging_decorator.py Function __main__.read_requests was called from run
2023-05-29 14:09:56,652 DEBUG logging_decorator.py Function __main__.read_requests was called from run
2023-05-29 14:09:57,656 DEBUG logging_decorator.py Function __main__.read_requests was called from run
2023-05-29 14:09:57,659 DEBUG logging_decorator.py Function __main__.write_responses was called from run
2023-05-29 14:09:58,672 DEBUG logging_decorator.py Function __main__.read_requests was called from run
2023-05-29 14:09:58,674 DEBUG logging_decorator.py Function __main__.write_responses was called from run
2023-05-29 14:09:59,687 DEBUG logging_decorator.py Function __main__.read_requests was called from run
2023-05-29 14:09:59,690 DEBUG logging_decorator.py Function __main__.write_responses was called from run
2023-05-29 14:10:00,699 DEBUG logging_decorator.py Function __main__.read_requests was called from run
2023-05-29 14:10:00,701 DEBUG logging_decorator.py Function __main__.write_responses was called from run
2023-05-29 14:10:01,712 DEBUG logging_decorator.py Function __main__.read_requests was called from run
2023-05-29 14:10:01,713 DEBUG logging_decorator.py Function __main__.write_responses was called from run
2023-05-29 14:10:02,715 DEBUG logging_decorator.py Function __main__.read_requests was called from run
2023-05-29 14:10:02,717 DEBUG logging_decorator.py Function __main__.write_responses was called from run
2023-05-29 14:10:03,721 DEBUG logging_decorator.py Function __main__.read_requests was called from run
2023-05-29 14:10:03,723 DEBUG logging_decorator.py Function __main__.write_responses was called from run
2023-05-29 14:10:04,737 DEBUG logging_decorator.py Function __main__.read_requests was called from run
2023-05-29 14:10:04,738 DEBUG logging_decorator.py Function __main__.write_responses was called from run
2023-05-29 14:10:05,756 DEBUG logging_decorator.py Function __main__.read_requests was called from run
2023-05-29 14:10:05,757 DEBUG logging_decorator.py Function __main__.write_responses was called from run
2023-05-29 14:10:06,769 DEBUG logging_decorator.py Function __main__.read_requests was called from run
2023-05-29 14:10:06,773 DEBUG logging_decorator.py Function __main__.write_responses was called from run
2023-05-29 14:10:07,792 DEBUG logging_decorator.py Function __main__.read_requests was called from run
2023-05-29 14:10:07,794 DEBUG logging_decorator.py Function __main__.write_responses was called from run
2023-05-29 14:10:08,804 DEBUG logging_decorator.py Function __main__.read_requests was called from run
2023-05-29 14:10:08,807 DEBUG logging_decorator.py Function __main__.write_responses was called from run
2023-05-29 14:10:09,822 DEBUG logging_decorator.py Function __main__.read_requests was called from run
2023-05-29 14:10:09,824 DEBUG logging_decorator.py Function __main__.write_responses was called from run
2023-05-29 14:10:10,841 DEBUG logging_decorator.py Function __main__.read_requests was called from run
2023-05-29 14:10:10,844 DEBUG logging_decorator.py Function __main__.write_responses was called from run
2023-05-29 14:10:11,854 DEBUG logging_decorator.py Function __main__.read_requests was called from run
2023-05-29 14:10:11,856 DEBUG logging_decorator.py Function __main__.write_responses was called from run
2023-05-29 14:10:12,865 DEBUG logging_decorator.py Function __main__.read_requests was called from run
2023-05-29 14:10:12,868 DEBUG logging_decorator.py Function __main__.write_responses was called from run
2023-05-29 14:10:13,880 DEBUG logging_decorator.py Function __main__.read_requests was called from run
2023-05-29 14:10:13,882 DEBUG logging_decorator.py Function __main__.write_responses was called from run
2023-05-29 14:10:14,895 DEBUG logging_decorator.py Function __main__.read_requests was called from run
2023-05-29 14:10:14,897 DEBUG logging_decorator.py Function __main__.write_responses was called from run
2023-05-29 14:10:15,912 DEBUG logging_decorator.py Function __main__.read_requests was called from run
2023-05-29 14:10:15,915 DEBUG logging_decorator.py Function __main__.write_responses was called from run
2023-05-29 14:10:16,932 DEBUG logging_decorator.py Function __main__.read_requests was called from run
2023-05-29 14:10:16,934 DEBUG logging_decorator.py Function __main__.write_responses was called from run
2023-05-29 14:10:17,948 DEBUG logging_decorator.py Function __main__.read_requests was called from run
2023-05-29 14:10:17,950 DEBUG logging_decorator.py Function __main__.write_responses was called from run
2023-05-29 14:10:18,964 DEBUG logging_decorator.py Function __main__.read_requests was called from run
2023-05-29 14:10:18,965 DEBUG logging_decorator.py Function __main__.write_responses was called from run
2023-05-29 14:10:19,981 DEBUG logging_decorator.py Function __main__.read_requests was called from run
2023-05-29 14:10:19,982 DEBUG logging_decorator.py Function __main__.write_responses was called from run
2023-05-29 14:10:20,996 DEBUG logging_decorator.py Function __main__.read_requests was called from run
2023-05-29 14:10:20,997 DEBUG logging_decorator.py Function __main__.write_responses was called from run
2023-05-29 14:10:22,010 DEBUG logging_decorator.py Function __main__.read_requests was called from run
2023-05-29 14:10:22,011 DEBUG logging_decorator.py Function __main__.write_responses was called from run
2023-05-29 14:10:23,017 DEBUG logging_decorator.py Function __main__.read_requests was called from run
2023-05-29 14:10:23,018 DEBUG logging_decorator.py Function __main__.write_responses was called from run
2023-05-29 14:10:24,031 DEBUG logging_decorator.py Function __main__.read_requests was called from run
2023-05-29 14:10:24,034 DEBUG logging_decorator.py Function __main__.write_responses was called from run
2023-05-29 14:10:25,048 DEBUG logging_decorator.py Function __main__.read_requests was called from run
2023-05-29 14:10:25,050 DEBUG logging_decorator.py Function __main__.write_responses was called from run
2023-05-29 14:10:26,054 DEBUG logging_decorator.py Function __main__.read_requests was called from run
2023-05-29 14:10:26,056 DEBUG logging_decorator.py Function __main__.write_responses was called from run
2023-05-29 14:10:27,070 DEBUG logging_decorator.py Function __main__.read_requests was called from run
2023-05-29 14:10:27,070 DEBUG logging_decorator.py Function __main__.write_responses was called from run
2023-05-29 14:10:28,073 DEBUG logging_decorator.py Function __main__.read_requests was called from run
2023-05-29 14:10:28,074 DEBUG logging_decorator.py Function __main__.write_responses was called from run
2023-05-29 14:10:29,090 DEBUG logging_decorator.py Function __main__.read_requests was called from run
2023-05-29 14:10:29,093 DEBUG logging_decorator.py Function __main__.write_responses was called from run
2023-05-29 14:10:30,100 DEBUG logging_decorator.py Function __main__.read_requests was called from run
2023-05-29 14:10:30,101 DEBUG logging_decorator.py Function __main__.write_responses was called from run
2023-05-29 14:10:31,118 DEBUG logging_decorator.py Function __main__.read_requests was called from run
2023-05-29 14:10:31,121 DEBUG logging_decorator.py Function __main__.write_responses was called from run
2023-05-29 14:10:32,126 DEBUG logging_decorator.py Function __main__.read_requests was called from run
2023-05-29 14:10:32,127 DEBUG logging_decorator.py Function __main__.write_responses was called from run
