2023-05-14 21:50:49,544 INFO server.py  server.py start...
2023-05-14 21:50:49,551 DEBUG logging_decorator.py Function __main__.get_params was called from run
2023-05-14 21:50:49,556 DEBUG logging_decorator.py Function __main__.create_socket_server was called from run
2023-05-14 21:50:49,556 INFO server.py  Create socket server. Server params -- addr: , port 7777
2023-05-14 21:50:50,572 DEBUG logging_decorator.py Function __main__.read_requests was called from run
2023-05-14 21:50:51,579 DEBUG logging_decorator.py Function __main__.read_requests was called from run
2023-05-14 21:50:52,582 DEBUG logging_decorator.py Function __main__.read_requests was called from run
2023-05-14 21:50:53,592 DEBUG logging_decorator.py Function __main__.read_requests was called from run
2023-05-14 21:50:54,621 DEBUG logging_decorator.py Function __main__.read_requests was called from run
2023-05-14 21:50:55,638 DEBUG logging_decorator.py Function __main__.read_requests was called from run
2023-05-14 21:50:56,651 DEBUG logging_decorator.py Function __main__.read_requests was called from run
2023-05-14 21:50:57,664 DEBUG logging_decorator.py Function __main__.read_requests was called from run
2023-05-14 21:50:58,674 DEBUG logging_decorator.py Function __main__.read_requests was called from run
2023-05-14 21:50:58,743 DEBUG logging_decorator.py Function __main__.read_requests was called from run
2023-05-14 21:50:59,746 DEBUG logging_decorator.py Function __main__.read_requests was called from run
2023-05-14 21:50:59,748 DEBUG logging_decorator.py Function __main__.write_responses was called from run
2023-05-14 21:50:59,749 DEBUG logging_decorator.py Function __main__.presence_reaction was called from write_responses
2023-05-14 21:51:00,750 DEBUG logging_decorator.py Function __main__.read_requests was called from run
2023-05-14 21:51:01,766 DEBUG logging_decorator.py Function __main__.read_requests was called from run
2023-05-14 21:51:02,781 DEBUG logging_decorator.py Function __main__.read_requests was called from run
2023-05-14 21:51:03,794 DEBUG logging_decorator.py Function __main__.read_requests was called from run
2023-05-14 21:51:04,799 DEBUG logging_decorator.py Function __main__.read_requests was called from run
2023-05-14 21:51:05,803 DEBUG logging_decorator.py Function __main__.read_requests was called from run
2023-05-14 21:51:06,819 DEBUG logging_decorator.py Function __main__.read_requests was called from run
2023-05-14 21:51:07,823 DEBUG logging_decorator.py Function __main__.read_requests was called from run
2023-05-14 21:51:08,828 DEBUG logging_decorator.py Function __main__.read_requests was called from run
2023-05-14 21:51:09,831 DEBUG logging_decorator.py Function __main__.read_requests was called from run
2023-05-14 21:51:10,840 DEBUG logging_decorator.py Function __main__.read_requests was called from run
2023-05-14 21:51:11,853 DEBUG logging_decorator.py Function __main__.read_requests was called from run
2023-05-14 21:51:12,860 DEBUG logging_decorator.py Function __main__.read_requests was called from run
2023-05-14 21:51:13,874 DEBUG logging_decorator.py Function __main__.read_requests was called from run
2023-05-14 21:51:14,881 DEBUG logging_decorator.py Function __main__.read_requests was called from run
2023-05-14 21:51:15,891 DEBUG logging_decorator.py Function __main__.read_requests was called from run
2023-05-14 21:51:16,908 DEBUG logging_decorator.py Function __main__.read_requests was called from run
2023-05-14 21:51:17,925 DEBUG logging_decorator.py Function __main__.read_requests was called from run
2023-05-14 21:51:18,930 DEBUG logging_decorator.py Function __main__.read_requests was called from run
2023-05-14 21:51:19,937 DEBUG logging_decorator.py Function __main__.read_requests was called from run
2023-05-14 21:51:20,952 DEBUG logging_decorator.py Function __main__.read_requests was called from run
2023-05-14 21:51:21,967 DEBUG logging_decorator.py Function __main__.read_requests was called from run
2023-05-14 21:51:22,984 DEBUG logging_decorator.py Function __main__.read_requests was called from run
2023-05-14 21:51:23,989 DEBUG logging_decorator.py Function __main__.read_requests was called from run
2023-05-14 21:51:24,993 DEBUG logging_decorator.py Function __main__.read_requests was called from run
2023-05-14 21:51:25,996 DEBUG logging_decorator.py Function __main__.read_requests was called from run
2023-05-14 21:51:26,998 DEBUG logging_decorator.py Function __main__.read_requests was called from run
2023-05-14 21:51:28,002 DEBUG logging_decorator.py Function __main__.read_requests was called from run
2023-05-14 21:51:29,013 DEBUG logging_decorator.py Function __main__.read_requests was called from run
2023-05-14 21:51:30,025 DEBUG logging_decorator.py Function __main__.read_requests was called from run
2023-05-14 21:51:31,040 DEBUG logging_decorator.py Function __main__.read_requests was called from run
2023-05-14 21:51:32,042 DEBUG logging_decorator.py Function __main__.read_requests was called from run
2023-05-14 21:51:33,044 DEBUG logging_decorator.py Function __main__.read_requests was called from run
2023-05-14 21:51:34,057 DEBUG logging_decorator.py Function __main__.read_requests was called from run
2023-05-14 21:51:35,060 DEBUG logging_decorator.py Function __main__.read_requests was called from run
2023-05-14 21:51:36,067 DEBUG logging_decorator.py Function __main__.read_requests was called from run
2023-05-14 21:51:37,070 DEBUG logging_decorator.py Function __main__.read_requests was called from run
2023-05-14 21:51:38,073 DEBUG logging_decorator.py Function __main__.read_requests was called from run
2023-05-14 21:51:39,087 DEBUG logging_decorator.py Function __main__.read_requests was called from run
2023-05-14 21:51:40,091 DEBUG logging_decorator.py Function __main__.read_requests was called from run
2023-05-14 21:51:41,096 DEBUG logging_decorator.py Function __main__.read_requests was called from run
2023-05-14 21:51:42,101 DEBUG logging_decorator.py Function __main__.read_requests was called from run
2023-05-14 21:51:43,105 DEBUG logging_decorator.py Function __main__.read_requests was called from run
2023-05-14 21:51:44,119 DEBUG logging_decorator.py Function __main__.read_requests was called from run
2023-05-14 21:51:45,122 DEBUG logging_decorator.py Function __main__.read_requests was called from run
2023-05-14 21:51:46,126 DEBUG logging_decorator.py Function __main__.read_requests was called from run
2023-05-14 21:51:47,129 DEBUG logging_decorator.py Function __main__.read_requests was called from run
2023-05-14 21:51:48,145 DEBUG logging_decorator.py Function __main__.read_requests was called from run
2023-05-14 21:51:49,157 DEBUG logging_decorator.py Function __main__.read_requests was called from run
2023-05-14 21:51:50,158 DEBUG logging_decorator.py Function __main__.read_requests was called from run
2023-05-14 21:51:51,165 DEBUG logging_decorator.py Function __main__.read_requests was called from run
2023-05-14 21:51:52,172 DEBUG logging_decorator.py Function __main__.read_requests was called from run
2023-05-14 21:51:53,186 DEBUG logging_decorator.py Function __main__.read_requests was called from run
2023-05-14 21:51:54,200 DEBUG logging_decorator.py Function __main__.read_requests was called from run
2023-05-14 21:51:55,212 DEBUG logging_decorator.py Function __main__.read_requests was called from run
2023-05-14 21:51:56,220 DEBUG logging_decorator.py Function __main__.read_requests was called from run
2023-05-14 21:51:57,236 DEBUG logging_decorator.py Function __main__.read_requests was called from run
2023-05-14 21:51:58,251 DEBUG logging_decorator.py Function __main__.read_requests was called from run
2023-05-14 21:51:59,265 DEBUG logging_decorator.py Function __main__.read_requests was called from run
2023-05-14 21:52:00,281 DEBUG logging_decorator.py Function __main__.read_requests was called from run
2023-05-14 21:52:01,297 DEBUG logging_decorator.py Function __main__.read_requests was called from run
2023-05-14 21:52:02,309 DEBUG logging_decorator.py Function __main__.read_requests was called from run
2023-05-14 21:52:03,318 DEBUG logging_decorator.py Function __main__.read_requests was called from run
2023-05-14 21:52:04,335 DEBUG logging_decorator.py Function __main__.read_requests was called from run
2023-05-14 21:52:05,353 DEBUG logging_decorator.py Function __main__.read_requests was called from run
2023-05-14 21:52:06,366 DEBUG logging_decorator.py Function __main__.read_requests was called from run
2023-05-14 21:52:07,380 DEBUG logging_decorator.py Function __main__.read_requests was called from run
2023-05-14 21:52:08,388 DEBUG logging_decorator.py Function __main__.read_requests was called from run
2023-05-14 21:52:09,391 DEBUG logging_decorator.py Function __main__.read_requests was called from run
2023-05-14 21:52:10,404 DEBUG logging_decorator.py Function __main__.read_requests was called from run
2023-05-14 21:52:11,421 DEBUG logging_decorator.py Function __main__.read_requests was called from run
2023-05-14 21:52:12,436 DEBUG logging_decorator.py Function __main__.read_requests was called from run
2023-05-14 21:52:13,448 DEBUG logging_decorator.py Function __main__.read_requests was called from run
2023-05-14 21:52:14,454 DEBUG logging_decorator.py Function __main__.read_requests was called from run
2023-05-14 21:52:15,470 DEBUG logging_decorator.py Function __main__.read_requests was called from run
2023-05-14 21:52:16,488 DEBUG logging_decorator.py Function __main__.read_requests was called from run
2023-05-14 21:52:17,502 DEBUG logging_decorator.py Function __main__.read_requests was called from run
2023-05-14 21:52:18,518 DEBUG logging_decorator.py Function __main__.read_requests was called from run
2023-05-14 21:52:19,537 DEBUG logging_decorator.py Function __main__.read_requests was called from run
2023-05-14 21:52:20,552 DEBUG logging_decorator.py Function __main__.read_requests was called from run
2023-05-14 21:52:21,572 DEBUG logging_decorator.py Function __main__.read_requests was called from run
2023-05-14 21:52:22,577 DEBUG logging_decorator.py Function __main__.read_requests was called from run
2023-05-14 21:52:23,586 DEBUG logging_decorator.py Function __main__.read_requests was called from run
2023-05-14 21:52:24,594 DEBUG logging_decorator.py Function __main__.read_requests was called from run
2023-05-14 21:52:25,602 DEBUG logging_decorator.py Function __main__.read_requests was called from run
2023-05-14 21:52:26,617 DEBUG logging_decorator.py Function __main__.read_requests was called from run
2023-05-14 21:52:27,623 DEBUG logging_decorator.py Function __main__.read_requests was called from run
2023-05-14 21:52:28,623 DEBUG logging_decorator.py Function __main__.read_requests was called from run
2023-05-14 21:52:28,623 INFO server.py  Client 360 ('127.0.0.1', 64644) disconnected
